NOTE: Picked up JDK_JAVA_OPTIONS:  --add-opens=java.base/java.lang=ALL-UNNAMED --add-opens=java.base/java.lang.invoke=ALL-UNNAMED --add-opens=java.base/java.lang.reflect=ALL-UNNAMED --add-opens=java.base/java.io=ALL-UNNAMED --add-opens=java.base/java.util=ALL-UNNAMED --add-opens=java.base/java.util.concurrent=ALL-UNNAMED --add-opens=java.rmi/sun.rmi.transport=ALL-UNNAMED
06-Mar-2025 11:28:24.733 INFORMAÇÕES [main] org.apache.catalina.startup.VersionLoggerListener.log Server version name:   Apache Tomcat/9.0.102
06-Mar-2025 11:28:24.736 INFORMAÇÕES [main] org.apache.catalina.startup.VersionLoggerListener.log Server built:          Mar 3 2025 19:33:14 UTC
06-Mar-2025 11:28:24.736 INFORMAÇÕES [main] org.apache.catalina.startup.VersionLoggerListener.log Server version number: 9.0.102.0
06-Mar-2025 11:28:24.737 INFORMAÇÕES [main] org.apache.catalina.startup.VersionLoggerListener.log OS Name:               Linux
06-Mar-2025 11:28:24.737 INFORMAÇÕES [main] org.apache.catalina.startup.VersionLoggerListener.log OS Version:            6.8.0-52-generic
06-Mar-2025 11:28:24.737 INFORMAÇÕES [main] org.apache.catalina.startup.VersionLoggerListener.log Architecture:          amd64
06-Mar-2025 11:28:24.737 INFORMAÇÕES [main] org.apache.catalina.startup.VersionLoggerListener.log Java Home:             /usr/lib/jvm/java-21-openjdk-amd64
06-Mar-2025 11:28:24.737 INFORMAÇÕES [main] org.apache.catalina.startup.VersionLoggerListener.log JVM Version:           21.0.6+7-Ubuntu-122.04.1
06-Mar-2025 11:28:24.737 INFORMAÇÕES [main] org.apache.catalina.startup.VersionLoggerListener.log JVM Vendor:            Ubuntu
06-Mar-2025 11:28:24.737 INFORMAÇÕES [main] org.apache.catalina.startup.VersionLoggerListener.log CATALINA_BASE:         /home/tiago/Documentos/GitHub/Servlets/apache-tomcat-9.0.102
06-Mar-2025 11:28:24.737 INFORMAÇÕES [main] org.apache.catalina.startup.VersionLoggerListener.log CATALINA_HOME:         /home/tiago/Documentos/GitHub/Servlets/apache-tomcat-9.0.102
06-Mar-2025 11:28:24.743 INFORMAÇÕES [main] org.apache.catalina.startup.VersionLoggerListener.log Command line argument: --add-opens=java.base/java.lang=ALL-UNNAMED
06-Mar-2025 11:28:24.744 INFORMAÇÕES [main] org.apache.catalina.startup.VersionLoggerListener.log Command line argument: --add-opens=java.base/java.lang.invoke=ALL-UNNAMED
06-Mar-2025 11:28:24.744 INFORMAÇÕES [main] org.apache.catalina.startup.VersionLoggerListener.log Command line argument: --add-opens=java.base/java.lang.reflect=ALL-UNNAMED
06-Mar-2025 11:28:24.744 INFORMAÇÕES [main] org.apache.catalina.startup.VersionLoggerListener.log Command line argument: --add-opens=java.base/java.io=ALL-UNNAMED
06-Mar-2025 11:28:24.744 INFORMAÇÕES [main] org.apache.catalina.startup.VersionLoggerListener.log Command line argument: --add-opens=java.base/java.util=ALL-UNNAMED
06-Mar-2025 11:28:24.744 INFORMAÇÕES [main] org.apache.catalina.startup.VersionLoggerListener.log Command line argument: --add-opens=java.base/java.util.concurrent=ALL-UNNAMED
06-Mar-2025 11:28:24.744 INFORMAÇÕES [main] org.apache.catalina.startup.VersionLoggerListener.log Command line argument: --add-opens=java.rmi/sun.rmi.transport=ALL-UNNAMED
06-Mar-2025 11:28:24.744 INFORMAÇÕES [main] org.apache.catalina.startup.VersionLoggerListener.log Command line argument: -Djava.util.logging.config.file=/home/tiago/Documentos/GitHub/Servlets/apache-tomcat-9.0.102/conf/logging.properties
06-Mar-2025 11:28:24.744 INFORMAÇÕES [main] org.apache.catalina.startup.VersionLoggerListener.log Command line argument: -Djava.util.logging.manager=org.apache.juli.ClassLoaderLogManager
06-Mar-2025 11:28:24.744 INFORMAÇÕES [main] org.apache.catalina.startup.VersionLoggerListener.log Command line argument: -Djdk.tls.ephemeralDHKeySize=2048
06-Mar-2025 11:28:24.744 INFORMAÇÕES [main] org.apache.catalina.startup.VersionLoggerListener.log Command line argument: -Djava.protocol.handler.pkgs=org.apache.catalina.webresources
06-Mar-2025 11:28:24.744 INFORMAÇÕES [main] org.apache.catalina.startup.VersionLoggerListener.log Command line argument: -Dsun.io.useCanonCaches=false
06-Mar-2025 11:28:24.744 INFORMAÇÕES [main] org.apache.catalina.startup.VersionLoggerListener.log Command line argument: -Dorg.apache.catalina.security.SecurityListener.UMASK=0027
06-Mar-2025 11:28:24.744 INFORMAÇÕES [main] org.apache.catalina.startup.VersionLoggerListener.log Command line argument: -Dignore.endorsed.dirs=
06-Mar-2025 11:28:24.744 INFORMAÇÕES [main] org.apache.catalina.startup.VersionLoggerListener.log Command line argument: -Dcatalina.base=/home/tiago/Documentos/GitHub/Servlets/apache-tomcat-9.0.102
06-Mar-2025 11:28:24.744 INFORMAÇÕES [main] org.apache.catalina.startup.VersionLoggerListener.log Command line argument: -Dcatalina.home=/home/tiago/Documentos/GitHub/Servlets/apache-tomcat-9.0.102
06-Mar-2025 11:28:24.744 INFORMAÇÕES [main] org.apache.catalina.startup.VersionLoggerListener.log Command line argument: -Djava.io.tmpdir=/home/tiago/Documentos/GitHub/Servlets/apache-tomcat-9.0.102/temp
06-Mar-2025 11:28:24.745 INFORMAÇÕES [main] org.apache.catalina.core.AprLifecycleListener.lifecycleEvent The Apache Tomcat Native library which allows using OpenSSL was not found on the java.library.path: [/usr/java/packages/lib:/usr/lib/x86_64-linux-gnu/jni:/lib/x86_64-linux-gnu:/usr/lib/x86_64-linux-gnu:/usr/lib/jni:/lib:/usr/lib]
06-Mar-2025 11:28:24.977 INFORMAÇÕES [main] org.apache.coyote.AbstractProtocol.init Initializing ProtocolHandler ["http-nio-8080"]
06-Mar-2025 11:28:24.992 INFORMAÇÕES [main] org.apache.catalina.startup.Catalina.load Server initialization in [388] milliseconds
06-Mar-2025 11:28:25.021 INFORMAÇÕES [main] org.apache.catalina.core.StandardService.startInternal Starting service [Catalina]
06-Mar-2025 11:28:25.021 INFORMAÇÕES [main] org.apache.catalina.core.StandardEngine.startInternal Starting Servlet engine: [Apache Tomcat/9.0.102]
06-Mar-2025 11:28:25.026 INFORMAÇÕES [main] org.apache.catalina.startup.HostConfig.deployDirectory Diretório de instalação da aplicação web [/home/tiago/Documentos/GitHub/Servlets/apache-tomcat-9.0.102/webapps/examples]
06-Mar-2025 11:28:25.341 INFORMAÇÕES [main] org.apache.catalina.startup.HostConfig.deployDirectory Deployment of web application directory [/home/tiago/Documentos/GitHub/Servlets/apache-tomcat-9.0.102/webapps/examples] has finished in [313] ms
06-Mar-2025 11:28:25.342 INFORMAÇÕES [main] org.apache.catalina.startup.HostConfig.deployDirectory Diretório de instalação da aplicação web [/home/tiago/Documentos/GitHub/Servlets/apache-tomcat-9.0.102/webapps/host-manager]
06-Mar-2025 11:28:25.368 INFORMAÇÕES [main] org.apache.catalina.startup.HostConfig.deployDirectory Deployment of web application directory [/home/tiago/Documentos/GitHub/Servlets/apache-tomcat-9.0.102/webapps/host-manager] has finished in [27] ms
06-Mar-2025 11:28:25.368 INFORMAÇÕES [main] org.apache.catalina.startup.HostConfig.deployDirectory Diretório de instalação da aplicação web [/home/tiago/Documentos/GitHub/Servlets/apache-tomcat-9.0.102/webapps/manager]
06-Mar-2025 11:28:25.386 INFORMAÇÕES [main] org.apache.catalina.startup.HostConfig.deployDirectory Deployment of web application directory [/home/tiago/Documentos/GitHub/Servlets/apache-tomcat-9.0.102/webapps/manager] has finished in [18] ms
06-Mar-2025 11:28:25.387 INFORMAÇÕES [main] org.apache.catalina.startup.HostConfig.deployDirectory Diretório de instalação da aplicação web [/home/tiago/Documentos/GitHub/Servlets/apache-tomcat-9.0.102/webapps/ROOT]
06-Mar-2025 11:28:25.401 INFORMAÇÕES [main] org.apache.catalina.startup.HostConfig.deployDirectory Deployment of web application directory [/home/tiago/Documentos/GitHub/Servlets/apache-tomcat-9.0.102/webapps/ROOT] has finished in [14] ms
06-Mar-2025 11:28:25.401 INFORMAÇÕES [main] org.apache.catalina.startup.HostConfig.deployDirectory Diretório de instalação da aplicação web [/home/tiago/Documentos/GitHub/Servlets/apache-tomcat-9.0.102/webapps/docs]
06-Mar-2025 11:28:25.417 INFORMAÇÕES [main] org.apache.catalina.startup.HostConfig.deployDirectory Deployment of web application directory [/home/tiago/Documentos/GitHub/Servlets/apache-tomcat-9.0.102/webapps/docs] has finished in [15] ms
06-Mar-2025 11:28:25.417 INFORMAÇÕES [main] org.apache.catalina.startup.HostConfig.deployDirectory Diretório de instalação da aplicação web [/home/tiago/Documentos/GitHub/Servlets/apache-tomcat-9.0.102/webapps/BookStoreWebSite]
06-Mar-2025 11:28:25.437 INFORMAÇÕES [main] org.apache.catalina.startup.HostConfig.deployDirectory Deployment of web application directory [/home/tiago/Documentos/GitHub/Servlets/apache-tomcat-9.0.102/webapps/BookStoreWebSite] has finished in [20] ms
06-Mar-2025 11:28:25.441 INFORMAÇÕES [main] org.apache.coyote.AbstractProtocol.start Starting ProtocolHandler ["http-nio-8080"]
06-Mar-2025 11:28:25.450 INFORMAÇÕES [main] org.apache.catalina.startup.Catalina.start Server startup in [456] milliseconds
06-Mar-2025 11:29:38.462 INFORMAÇÕES [main] org.apache.catalina.core.StandardServer.await A valid shutdown command was received via the shutdown port. Stopping the Server instance.
06-Mar-2025 11:29:38.463 INFORMAÇÕES [main] org.apache.coyote.AbstractProtocol.pause Pausing ProtocolHandler ["http-nio-8080"]
06-Mar-2025 11:29:38.465 INFORMAÇÕES [main] org.apache.catalina.core.StandardService.stopInternal Stopping service [Catalina]
06-Mar-2025 11:29:38.484 INFORMAÇÕES [main] org.apache.coyote.AbstractProtocol.stop Stopping ProtocolHandler ["http-nio-8080"]
06-Mar-2025 11:29:38.487 INFORMAÇÕES [main] org.apache.coyote.AbstractProtocol.destroy Destroying ProtocolHandler ["http-nio-8080"]
